<?xml version="1.0" encoding="UTF-8"?>
<!-- Generated by org.testng.reporters.JUnitReportReporter -->
<testsuite name="com.qa.hubspot.tests.LoginPageTest" tests="3" time="7.720" ignored="0" failures="0" timestamp="16 Jun 2020 15:18:45 GMT" skipped="0" hostname="DESKTOP-18F4G47" errors="0">
  <testcase name="verifySignUpLinkTest" time="5.495" classname="com.qa.hubspot.tests.LoginPageTest"/>
  <testcase name="verifyLoginPageTitleTest" time="0.053" classname="com.qa.hubspot.tests.LoginPageTest"/>
  <testcase name="loginTest" time="2.172" classname="com.qa.hubspot.tests.LoginPageTest"/>
</testsuite> <!-- com.qa.hubspot.tests.LoginPageTest -->
